# JRE version: Java(TM) SE Runtime Environment (8.0_261-b12) (build 1.8.0_261-b12)
# Java VM: Java HotSpot(TM) 64-Bit Server VM (25.261-b12 mixed mode windows-amd64 compressed oops)
Heap:
 PSYoungGen      total 319488K, used 171981K [0x00000000eb580000, 0x0000000100000000, 0x0000000100000000)
  eden space 302592K, 52% used [0x00000000eb580000,0x00000000f5133108,0x00000000fdd00000)
  from space 16896K, 74% used [0x00000000fef80000,0x00000000ffbc0428,0x0000000100000000)
  to   space 17920K, 0% used [0x00000000fdd00000,0x00000000fdd00000,0x00000000fee80000)
 ParOldGen       total 75776K, used 30353K [0x00000000c2000000, 0x00000000c6a00000, 0x00000000eb580000)
  object space 75776K, 40% used [0x00000000c2000000,0x00000000c3da4718,0x00000000c6a00000)
 Metaspace       used 67476K, capacity 71422K, committed 71728K, reserved 1112064K
  class space    used 9040K, capacity 9667K, committed 9776K, reserved 1048576K
GC Heap History (10 events):
Event: 5.775 GC heap before
{Heap before GC invocations=11 (full 2):
 PSYoungGen      total 215040K, used 9687K [0x00000000eb580000, 0x00000000fde80000, 0x0000000100000000)
  eden space 202752K, 0% used [0x00000000eb580000,0x00000000eb580000,0x00000000f7b80000)
  from space 12288K, 78% used [0x00000000f7b80000,0x00000000f84f5e60,0x00000000f8780000)
  to   space 13312K, 0% used [0x00000000fd180000,0x00000000fd180000,0x00000000fde80000)
 ParOldGen       total 33792K, used 10545K [0x00000000c2000000, 0x00000000c4100000, 0x00000000eb580000)
  object space 33792K, 31% used [0x00000000c2000000,0x00000000c2a4c708,0x00000000c4100000)
 Metaspace       used 33353K, capacity 35436K, committed 35496K, reserved 1079296K
  class space    used 4372K, capacity 4724K, committed 4784K, reserved 1048576K
Event: 5.821 GC heap after
Heap after GC invocations=11 (full 2):
 PSYoungGen      total 215040K, used 0K [0x00000000eb580000, 0x00000000fde80000, 0x0000000100000000)
  eden space 202752K, 0% used [0x00000000eb580000,0x00000000eb580000,0x00000000f7b80000)
  from space 12288K, 0% used [0x00000000f7b80000,0x00000000f7b80000,0x00000000f8780000)
  to   space 13312K, 0% used [0x00000000fd180000,0x00000000fd180000,0x00000000fde80000)
 ParOldGen       total 48128K, used 14270K [0x00000000c2000000, 0x00000000c4f00000, 0x00000000eb580000)
  object space 48128K, 29% used [0x00000000c2000000,0x00000000c2defac8,0x00000000c4f00000)
 Metaspace       used 33353K, capacity 35436K, committed 35496K, reserved 1079296K
  class space    used 4372K, capacity 4724K, committed 4784K, reserved 1048576K
}
Event: 13.292 GC heap before
{Heap before GC invocations=12 (full 2):
 PSYoungGen      total 215040K, used 202752K [0x00000000eb580000, 0x00000000fde80000, 0x0000000100000000)
  eden space 202752K, 100% used [0x00000000eb580000,0x00000000f7b80000,0x00000000f7b80000)
  from space 12288K, 0% used [0x00000000f7b80000,0x00000000f7b80000,0x00000000f8780000)
  to   space 13312K, 0% used [0x00000000fd180000,0x00000000fd180000,0x00000000fde80000)
 ParOldGen       total 48128K, used 14270K [0x00000000c2000000, 0x00000000c4f00000, 0x00000000eb580000)
  object space 48128K, 29% used [0x00000000c2000000,0x00000000c2defb28,0x00000000c4f00000)
 Metaspace       used 47168K, capacity 49864K, committed 50096K, reserved 1093632K
  class space    used 6313K, capacity 6806K, committed 6832K, reserved 1048576K
Event: 13.311 GC heap after
Heap after GC invocations=12 (full 2):
 PSYoungGen      total 287232K, used 13291K [0x00000000eb580000, 0x00000000fe200000, 0x0000000100000000)
  eden space 273920K, 0% used [0x00000000eb580000,0x00000000eb580000,0x00000000fc100000)
  from space 13312K, 99% used [0x00000000fd180000,0x00000000fde7af18,0x00000000fde80000)
  to   space 16896K, 0% used [0x00000000fc100000,0x00000000fc100000,0x00000000fd180000)
 ParOldGen       total 48128K, used 18724K [0x00000000c2000000, 0x00000000c4f00000, 0x00000000eb580000)
  object space 48128K, 38% used [0x00000000c2000000,0x00000000c3249278,0x00000000c4f00000)
 Metaspace       used 47168K, capacity 49864K, committed 50096K, reserved 1093632K
  class space    used 6313K, capacity 6806K, committed 6832K, reserved 1048576K
}
Event: 14.811 GC heap before
{Heap before GC invocations=13 (full 2):
 PSYoungGen      total 287232K, used 148272K [0x00000000eb580000, 0x00000000fe200000, 0x0000000100000000)
  eden space 273920K, 49% used [0x00000000eb580000,0x00000000f39514d8,0x00000000fc100000)
  from space 13312K, 99% used [0x00000000fd180000,0x00000000fde7af18,0x00000000fde80000)
  to   space 16896K, 0% used [0x00000000fc100000,0x00000000fc100000,0x00000000fd180000)
 ParOldGen       total 48128K, used 18724K [0x00000000c2000000, 0x00000000c4f00000, 0x00000000eb580000)
  object space 48128K, 38% used [0x00000000c2000000,0x00000000c3249278,0x00000000c4f00000)
 Metaspace       used 56002K, capacity 59042K, committed 59160K, reserved 1099776K
  class space    used 7617K, capacity 8105K, committed 8112K, reserved 1048576K
Event: 14.828 GC heap after
Heap after GC invocations=13 (full 2):
 PSYoungGen      total 290816K, used 11112K [0x00000000eb580000, 0x0000000100000000, 0x0000000100000000)
  eden space 273920K, 0% used [0x00000000eb580000,0x00000000eb580000,0x00000000fc100000)
  from space 16896K, 65% used [0x00000000fc100000,0x00000000fcbda320,0x00000000fd180000)
  to   space 16896K, 0% used [0x00000000fef80000,0x00000000fef80000,0x0000000100000000)
 ParOldGen       total 48128K, used 26746K [0x00000000c2000000, 0x00000000c4f00000, 0x00000000eb580000)
  object space 48128K, 55% used [0x00000000c2000000,0x00000000c3a1eb00,0x00000000c4f00000)
 Metaspace       used 56002K, capacity 59042K, committed 59160K, reserved 1099776K
  class space    used 7617K, capacity 8105K, committed 8112K, reserved 1048576K
}
Event: 14.828 GC heap before
{Heap before GC invocations=14 (full 3):
 PSYoungGen      total 290816K, used 11112K [0x00000000eb580000, 0x0000000100000000, 0x0000000100000000)
  eden space 273920K, 0% used [0x00000000eb580000,0x00000000eb580000,0x00000000fc100000)
  from space 16896K, 65% used [0x00000000fc100000,0x00000000fcbda320,0x00000000fd180000)
  to   space 16896K, 0% used [0x00000000fef80000,0x00000000fef80000,0x0000000100000000)
 ParOldGen       total 48128K, used 26746K [0x00000000c2000000, 0x00000000c4f00000, 0x00000000eb580000)
  object space 48128K, 55% used [0x00000000c2000000,0x00000000c3a1eb00,0x00000000c4f00000)
 Metaspace       used 56002K, capacity 59042K, committed 59160K, reserved 1099776K
  class space    used 7617K, capacity 8105K, committed 8112K, reserved 1048576K
Event: 15.012 GC heap after
Heap after GC invocations=14 (full 3):
 PSYoungGen      total 290816K, used 0K [0x00000000eb580000, 0x0000000100000000, 0x0000000100000000)
  eden space 273920K, 0% used [0x00000000eb580000,0x00000000eb580000,0x00000000fc100000)
  from space 16896K, 0% used [0x00000000fc100000,0x00000000fc100000,0x00000000fd180000)
  to   space 16896K, 0% used [0x00000000fef80000,0x00000000fef80000,0x0000000100000000)
 ParOldGen       total 75776K, used 30336K [0x00000000c2000000, 0x00000000c6a00000, 0x00000000eb580000)
  object space 75776K, 40% used [0x00000000c2000000,0x00000000c3da01b0,0x00000000c6a00000)
 Metaspace       used 55987K, capacity 59018K, committed 59160K, reserved 1099776K
  class space    used 7614K, capacity 8101K, committed 8112K, reserved 1048576K
}
Event: 109.540 GC heap before
{Heap before GC invocations=15 (full 3):
 PSYoungGen      total 290816K, used 273920K [0x00000000eb580000, 0x0000000100000000, 0x0000000100000000)
  eden space 273920K, 100% used [0x00000000eb580000,0x00000000fc100000,0x00000000fc100000)
  from space 16896K, 0% used [0x00000000fc100000,0x00000000fc100000,0x00000000fd180000)
  to   space 16896K, 0% used [0x00000000fef80000,0x00000000fef80000,0x0000000100000000)
 ParOldGen       total 75776K, used 30345K [0x00000000c2000000, 0x00000000c6a00000, 0x00000000eb580000)
  object space 75776K, 40% used [0x00000000c2000000,0x00000000c3da2718,0x00000000c6a00000)
 Metaspace       used 65730K, capacity 69652K, committed 69936K, reserved 1110016K
  class space    used 8832K, capacity 9454K, committed 9520K, reserved 1048576K
Event: 110.514 GC heap after
Heap after GC invocations=15 (full 3):
 PSYoungGen      total 319488K, used 12545K [0x00000000eb580000, 0x0000000100000000, 0x0000000100000000)
  eden space 302592K, 0% used [0x00000000eb580000,0x00000000eb580000,0x00000000fdd00000)
  from space 16896K, 74% used [0x00000000fef80000,0x00000000ffbc0428,0x0000000100000000)
  to   space 17920K, 0% used [0x00000000fdd00000,0x00000000fdd00000,0x00000000fee80000)
 ParOldGen       total 75776K, used 30353K [0x00000000c2000000, 0x00000000c6a00000, 0x00000000eb580000)
  object space 75776K, 40% used [0x00000000c2000000,0x00000000c3da4718,0x00000000c6a00000)
 Metaspace       used 65730K, capacity 69652K, committed 69936K, reserved 1110016K
  class space    used 8832K, capacity 9454K, committed 9520K, reserved 1048576K
}

