# JRE version: Java(TM) SE Runtime Environment (8.0_261-b12) (build 1.8.0_261-b12)
# Java VM: Java HotSpot(TM) 64-Bit Server VM (25.261-b12 mixed mode windows-amd64 compressed oops)
Heap:
 PSYoungGen      total 131072K, used 100284K [0x00000000eb580000, 0x00000000f3e80000, 0x0000000100000000)
  eden space 123392K, 81% used [0x00000000eb580000,0x00000000f176f010,0x00000000f2e00000)
  from space 7680K, 0% used [0x00000000f3600000,0x00000000f3600000,0x00000000f3d80000)
  to   space 8192K, 0% used [0x00000000f2e00000,0x00000000f2e00000,0x00000000f3600000)
 ParOldGen       total 29696K, used 8015K [0x00000000c2000000, 0x00000000c3d00000, 0x00000000eb580000)
  object space 29696K, 26% used [0x00000000c2000000,0x00000000c27d3c40,0x00000000c3d00000)
 Metaspace       used 24017K, capacity 24890K, committed 25136K, reserved 1071104K
  class space    used 3095K, capacity 3313K, committed 3376K, reserved 1048576K
GC Heap History (10 events):
Event: 0.987 GC heap before
{Heap before GC invocations=5 (full 0):
 PSYoungGen      total 34304K, used 34259K [0x00000000eb580000, 0x00000000ed980000, 0x0000000100000000)
  eden space 31744K, 100% used [0x00000000eb580000,0x00000000ed480000,0x00000000ed480000)
  from space 2560K, 98% used [0x00000000ed700000,0x00000000ed974fc0,0x00000000ed980000)
  to   space 2560K, 0% used [0x00000000ed480000,0x00000000ed480000,0x00000000ed700000)
 ParOldGen       total 42496K, used 1343K [0x00000000c2000000, 0x00000000c4980000, 0x00000000eb580000)
  object space 42496K, 3% used [0x00000000c2000000,0x00000000c214ffa0,0x00000000c4980000)
 Metaspace       used 9916K, capacity 10236K, committed 10496K, reserved 1058816K
  class space    used 1141K, capacity 1238K, committed 1280K, reserved 1048576K
Event: 0.992 GC heap after
Heap after GC invocations=5 (full 0):
 PSYoungGen      total 34304K, used 2550K [0x00000000eb580000, 0x00000000efc80000, 0x0000000100000000)
  eden space 31744K, 0% used [0x00000000eb580000,0x00000000eb580000,0x00000000ed480000)
  from space 2560K, 99% used [0x00000000ed480000,0x00000000ed6fda88,0x00000000ed700000)
  to   space 4608K, 0% used [0x00000000ef800000,0x00000000ef800000,0x00000000efc80000)
 ParOldGen       total 42496K, used 3608K [0x00000000c2000000, 0x00000000c4980000, 0x00000000eb580000)
  object space 42496K, 8% used [0x00000000c2000000,0x00000000c2386218,0x00000000c4980000)
 Metaspace       used 9916K, capacity 10236K, committed 10496K, reserved 1058816K
  class space    used 1141K, capacity 1238K, committed 1280K, reserved 1048576K
}
Event: 1.346 GC heap before
{Heap before GC invocations=6 (full 0):
 PSYoungGen      total 34304K, used 34294K [0x00000000eb580000, 0x00000000efc80000, 0x0000000100000000)
  eden space 31744K, 100% used [0x00000000eb580000,0x00000000ed480000,0x00000000ed480000)
  from space 2560K, 99% used [0x00000000ed480000,0x00000000ed6fda88,0x00000000ed700000)
  to   space 4608K, 0% used [0x00000000ef800000,0x00000000ef800000,0x00000000efc80000)
 ParOldGen       total 42496K, used 3608K [0x00000000c2000000, 0x00000000c4980000, 0x00000000eb580000)
  object space 42496K, 8% used [0x00000000c2000000,0x00000000c2386218,0x00000000c4980000)
 Metaspace       used 13409K, capacity 14042K, committed 14080K, reserved 1060864K
  class space    used 1624K, capacity 1783K, committed 1792K, reserved 1048576K
Event: 1.355 GC heap after
Heap after GC invocations=6 (full 0):
 PSYoungGen      total 66560K, used 4592K [0x00000000eb580000, 0x00000000eff80000, 0x0000000100000000)
  eden space 61952K, 0% used [0x00000000eb580000,0x00000000eb580000,0x00000000ef200000)
  from space 4608K, 99% used [0x00000000ef800000,0x00000000efc7c158,0x00000000efc80000)
  to   space 6144K, 0% used [0x00000000ef200000,0x00000000ef200000,0x00000000ef800000)
 ParOldGen       total 42496K, used 4682K [0x00000000c2000000, 0x00000000c4980000, 0x00000000eb580000)
  object space 42496K, 11% used [0x00000000c2000000,0x00000000c2492ae0,0x00000000c4980000)
 Metaspace       used 13409K, capacity 14042K, committed 14080K, reserved 1060864K
  class space    used 1624K, capacity 1783K, committed 1792K, reserved 1048576K
}
Event: 1.783 GC heap before
{Heap before GC invocations=7 (full 0):
 PSYoungGen      total 66560K, used 66544K [0x00000000eb580000, 0x00000000eff80000, 0x0000000100000000)
  eden space 61952K, 100% used [0x00000000eb580000,0x00000000ef200000,0x00000000ef200000)
  from space 4608K, 99% used [0x00000000ef800000,0x00000000efc7c158,0x00000000efc80000)
  to   space 6144K, 0% used [0x00000000ef200000,0x00000000ef200000,0x00000000ef800000)
 ParOldGen       total 42496K, used 4682K [0x00000000c2000000, 0x00000000c4980000, 0x00000000eb580000)
  object space 42496K, 11% used [0x00000000c2000000,0x00000000c2492ae0,0x00000000c4980000)
 Metaspace       used 17376K, capacity 18118K, committed 18432K, reserved 1064960K
  class space    used 2303K, capacity 2513K, committed 2560K, reserved 1048576K
Event: 1.791 GC heap after
Heap after GC invocations=7 (full 0):
 PSYoungGen      total 68096K, used 6134K [0x00000000eb580000, 0x00000000f3d80000, 0x0000000100000000)
  eden space 61952K, 0% used [0x00000000eb580000,0x00000000eb580000,0x00000000ef200000)
  from space 6144K, 99% used [0x00000000ef200000,0x00000000ef7fdb08,0x00000000ef800000)
  to   space 7680K, 0% used [0x00000000f3600000,0x00000000f3600000,0x00000000f3d80000)
 ParOldGen       total 42496K, used 6529K [0x00000000c2000000, 0x00000000c4980000, 0x00000000eb580000)
  object space 42496K, 15% used [0x00000000c2000000,0x00000000c2660720,0x00000000c4980000)
 Metaspace       used 17376K, capacity 18118K, committed 18432K, reserved 1064960K
  class space    used 2303K, capacity 2513K, committed 2560K, reserved 1048576K
}
Event: 2.032 GC heap before
{Heap before GC invocations=8 (full 0):
 PSYoungGen      total 68096K, used 39592K [0x00000000eb580000, 0x00000000f3d80000, 0x0000000100000000)
  eden space 61952K, 54% used [0x00000000eb580000,0x00000000ed62c528,0x00000000ef200000)
  from space 6144K, 99% used [0x00000000ef200000,0x00000000ef7fdb08,0x00000000ef800000)
  to   space 7680K, 0% used [0x00000000f3600000,0x00000000f3600000,0x00000000f3d80000)
 ParOldGen       total 42496K, used 6529K [0x00000000c2000000, 0x00000000c4980000, 0x00000000eb580000)
  object space 42496K, 15% used [0x00000000c2000000,0x00000000c2660720,0x00000000c4980000)
 Metaspace       used 20490K, capacity 21236K, committed 21296K, reserved 1067008K
  class space    used 2633K, capacity 2836K, committed 2864K, reserved 1048576K
Event: 2.038 GC heap after
Heap after GC invocations=8 (full 0):
 PSYoungGen      total 131072K, used 6007K [0x00000000eb580000, 0x00000000f3e80000, 0x0000000100000000)
  eden space 123392K, 0% used [0x00000000eb580000,0x00000000eb580000,0x00000000f2e00000)
  from space 7680K, 78% used [0x00000000f3600000,0x00000000f3bddcd0,0x00000000f3d80000)
  to   space 8192K, 0% used [0x00000000f2e00000,0x00000000f2e00000,0x00000000f3600000)
 ParOldGen       total 42496K, used 6666K [0x00000000c2000000, 0x00000000c4980000, 0x00000000eb580000)
  object space 42496K, 15% used [0x00000000c2000000,0x00000000c2682b78,0x00000000c4980000)
 Metaspace       used 20490K, capacity 21236K, committed 21296K, reserved 1067008K
  class space    used 2633K, capacity 2836K, committed 2864K, reserved 1048576K
}
Event: 2.038 GC heap before
{Heap before GC invocations=9 (full 1):
 PSYoungGen      total 131072K, used 6007K [0x00000000eb580000, 0x00000000f3e80000, 0x0000000100000000)
  eden space 123392K, 0% used [0x00000000eb580000,0x00000000eb580000,0x00000000f2e00000)
  from space 7680K, 78% used [0x00000000f3600000,0x00000000f3bddcd0,0x00000000f3d80000)
  to   space 8192K, 0% used [0x00000000f2e00000,0x00000000f2e00000,0x00000000f3600000)
 ParOldGen       total 42496K, used 6666K [0x00000000c2000000, 0x00000000c4980000, 0x00000000eb580000)
  object space 42496K, 15% used [0x00000000c2000000,0x00000000c2682b78,0x00000000c4980000)
 Metaspace       used 20490K, capacity 21236K, committed 21296K, reserved 1067008K
  class space    used 2633K, capacity 2836K, committed 2864K, reserved 1048576K
Event: 2.066 GC heap after
Heap after GC invocations=9 (full 1):
 PSYoungGen      total 131072K, used 0K [0x00000000eb580000, 0x00000000f3e80000, 0x0000000100000000)
  eden space 123392K, 0% used [0x00000000eb580000,0x00000000eb580000,0x00000000f2e00000)
  from space 7680K, 0% used [0x00000000f3600000,0x00000000f3600000,0x00000000f3d80000)
  to   space 8192K, 0% used [0x00000000f2e00000,0x00000000f2e00000,0x00000000f3600000)
 ParOldGen       total 29696K, used 8015K [0x00000000c2000000, 0x00000000c3d00000, 0x00000000eb580000)
  object space 29696K, 26% used [0x00000000c2000000,0x00000000c27d3c40,0x00000000c3d00000)
 Metaspace       used 20490K, capacity 21236K, committed 21296K, reserved 1067008K
  class space    used 2633K, capacity 2836K, committed 2864K, reserved 1048576K
}

