# JRE version: Java(TM) SE Runtime Environment (8.0_261-b12) (build 1.8.0_261-b12)
# Java VM: Java HotSpot(TM) 64-Bit Server VM (25.261-b12 mixed mode windows-amd64 compressed oops)
Heap:
 PSYoungGen      total 130048K, used 119951K [0x00000000eb580000, 0x00000000f3c80000, 0x0000000100000000)
  eden space 123392K, 97% used [0x00000000eb580000,0x00000000f2aa3fd0,0x00000000f2e00000)
  from space 6656K, 0% used [0x00000000f3500000,0x00000000f3500000,0x00000000f3b80000)
  to   space 7168K, 0% used [0x00000000f2e00000,0x00000000f2e00000,0x00000000f3500000)
 ParOldGen       total 29696K, used 7833K [0x00000000c2000000, 0x00000000c3d00000, 0x00000000eb580000)
  object space 29696K, 26% used [0x00000000c2000000,0x00000000c27a67f8,0x00000000c3d00000)
 Metaspace       used 24470K, capacity 25446K, committed 25648K, reserved 1071104K
  class space    used 3139K, capacity 3355K, committed 3376K, reserved 1048576K
GC Heap History (10 events):
Event: 1.427 GC heap before
{Heap before GC invocations=5 (full 0):
 PSYoungGen      total 34304K, used 34197K [0x00000000eb580000, 0x00000000ed980000, 0x0000000100000000)
  eden space 31744K, 100% used [0x00000000eb580000,0x00000000ed480000,0x00000000ed480000)
  from space 2560K, 95% used [0x00000000ed700000,0x00000000ed965578,0x00000000ed980000)
  to   space 2560K, 0% used [0x00000000ed480000,0x00000000ed480000,0x00000000ed700000)
 ParOldGen       total 42496K, used 1273K [0x00000000c2000000, 0x00000000c4980000, 0x00000000eb580000)
  object space 42496K, 2% used [0x00000000c2000000,0x00000000c213e558,0x00000000c4980000)
 Metaspace       used 9837K, capacity 10168K, committed 10496K, reserved 1058816K
  class space    used 1133K, capacity 1238K, committed 1280K, reserved 1048576K
Event: 1.434 GC heap after
Heap after GC invocations=5 (full 0):
 PSYoungGen      total 34304K, used 2548K [0x00000000eb580000, 0x00000000efc80000, 0x0000000100000000)
  eden space 31744K, 0% used [0x00000000eb580000,0x00000000eb580000,0x00000000ed480000)
  from space 2560K, 99% used [0x00000000ed480000,0x00000000ed6fd280,0x00000000ed700000)
  to   space 4608K, 0% used [0x00000000ef800000,0x00000000ef800000,0x00000000efc80000)
 ParOldGen       total 42496K, used 3503K [0x00000000c2000000, 0x00000000c4980000, 0x00000000eb580000)
  object space 42496K, 8% used [0x00000000c2000000,0x00000000c236bf18,0x00000000c4980000)
 Metaspace       used 9837K, capacity 10168K, committed 10496K, reserved 1058816K
  class space    used 1133K, capacity 1238K, committed 1280K, reserved 1048576K
}
Event: 1.771 GC heap before
{Heap before GC invocations=6 (full 0):
 PSYoungGen      total 34304K, used 34292K [0x00000000eb580000, 0x00000000efc80000, 0x0000000100000000)
  eden space 31744K, 100% used [0x00000000eb580000,0x00000000ed480000,0x00000000ed480000)
  from space 2560K, 99% used [0x00000000ed480000,0x00000000ed6fd280,0x00000000ed700000)
  to   space 4608K, 0% used [0x00000000ef800000,0x00000000ef800000,0x00000000efc80000)
 ParOldGen       total 42496K, used 3503K [0x00000000c2000000, 0x00000000c4980000, 0x00000000eb580000)
  object space 42496K, 8% used [0x00000000c2000000,0x00000000c236bf18,0x00000000c4980000)
 Metaspace       used 13217K, capacity 13822K, committed 14080K, reserved 1060864K
  class space    used 1597K, capacity 1751K, committed 1792K, reserved 1048576K
Event: 1.775 GC heap after
Heap after GC invocations=6 (full 0):
 PSYoungGen      total 66560K, used 4591K [0x00000000eb580000, 0x00000000eff80000, 0x0000000100000000)
  eden space 61952K, 0% used [0x00000000eb580000,0x00000000eb580000,0x00000000ef200000)
  from space 4608K, 99% used [0x00000000ef800000,0x00000000efc7bce8,0x00000000efc80000)
  to   space 6144K, 0% used [0x00000000ef200000,0x00000000ef200000,0x00000000ef800000)
 ParOldGen       total 42496K, used 4530K [0x00000000c2000000, 0x00000000c4980000, 0x00000000eb580000)
  object space 42496K, 10% used [0x00000000c2000000,0x00000000c246c9b8,0x00000000c4980000)
 Metaspace       used 13217K, capacity 13822K, committed 14080K, reserved 1060864K
  class space    used 1597K, capacity 1751K, committed 1792K, reserved 1048576K
}
Event: 2.076 GC heap before
{Heap before GC invocations=7 (full 0):
 PSYoungGen      total 66560K, used 66543K [0x00000000eb580000, 0x00000000eff80000, 0x0000000100000000)
  eden space 61952K, 100% used [0x00000000eb580000,0x00000000ef200000,0x00000000ef200000)
  from space 4608K, 99% used [0x00000000ef800000,0x00000000efc7bce8,0x00000000efc80000)
  to   space 6144K, 0% used [0x00000000ef200000,0x00000000ef200000,0x00000000ef800000)
 ParOldGen       total 42496K, used 4530K [0x00000000c2000000, 0x00000000c4980000, 0x00000000eb580000)
  object space 42496K, 10% used [0x00000000c2000000,0x00000000c246c9b8,0x00000000c4980000)
 Metaspace       used 17336K, capacity 18096K, committed 18432K, reserved 1064960K
  class space    used 2286K, capacity 2484K, committed 2560K, reserved 1048576K
Event: 2.085 GC heap after
Heap after GC invocations=7 (full 0):
 PSYoungGen      total 68096K, used 5963K [0x00000000eb580000, 0x00000000f3b80000, 0x0000000100000000)
  eden space 61952K, 0% used [0x00000000eb580000,0x00000000eb580000,0x00000000ef200000)
  from space 6144K, 97% used [0x00000000ef200000,0x00000000ef7d2d90,0x00000000ef800000)
  to   space 6656K, 0% used [0x00000000f3500000,0x00000000f3500000,0x00000000f3b80000)
 ParOldGen       total 42496K, used 6558K [0x00000000c2000000, 0x00000000c4980000, 0x00000000eb580000)
  object space 42496K, 15% used [0x00000000c2000000,0x00000000c2667830,0x00000000c4980000)
 Metaspace       used 17336K, capacity 18096K, committed 18432K, reserved 1064960K
  class space    used 2286K, capacity 2484K, committed 2560K, reserved 1048576K
}
Event: 2.349 GC heap before
{Heap before GC invocations=8 (full 0):
 PSYoungGen      total 68096K, used 40098K [0x00000000eb580000, 0x00000000f3b80000, 0x0000000100000000)
  eden space 61952K, 55% used [0x00000000eb580000,0x00000000ed6d5b00,0x00000000ef200000)
  from space 6144K, 97% used [0x00000000ef200000,0x00000000ef7d2d90,0x00000000ef800000)
  to   space 6656K, 0% used [0x00000000f3500000,0x00000000f3500000,0x00000000f3b80000)
 ParOldGen       total 42496K, used 6558K [0x00000000c2000000, 0x00000000c4980000, 0x00000000eb580000)
  object space 42496K, 15% used [0x00000000c2000000,0x00000000c2667830,0x00000000c4980000)
 Metaspace       used 20488K, capacity 21240K, committed 21296K, reserved 1067008K
  class space    used 2628K, capacity 2836K, committed 2864K, reserved 1048576K
Event: 2.357 GC heap after
Heap after GC invocations=8 (full 0):
 PSYoungGen      total 130048K, used 5950K [0x00000000eb580000, 0x00000000f3c80000, 0x0000000100000000)
  eden space 123392K, 0% used [0x00000000eb580000,0x00000000eb580000,0x00000000f2e00000)
  from space 6656K, 89% used [0x00000000f3500000,0x00000000f3acf978,0x00000000f3b80000)
  to   space 7168K, 0% used [0x00000000f2e00000,0x00000000f2e00000,0x00000000f3500000)
 ParOldGen       total 42496K, used 6606K [0x00000000c2000000, 0x00000000c4980000, 0x00000000eb580000)
  object space 42496K, 15% used [0x00000000c2000000,0x00000000c2673830,0x00000000c4980000)
 Metaspace       used 20488K, capacity 21240K, committed 21296K, reserved 1067008K
  class space    used 2628K, capacity 2836K, committed 2864K, reserved 1048576K
}
Event: 2.357 GC heap before
{Heap before GC invocations=9 (full 1):
 PSYoungGen      total 130048K, used 5950K [0x00000000eb580000, 0x00000000f3c80000, 0x0000000100000000)
  eden space 123392K, 0% used [0x00000000eb580000,0x00000000eb580000,0x00000000f2e00000)
  from space 6656K, 89% used [0x00000000f3500000,0x00000000f3acf978,0x00000000f3b80000)
  to   space 7168K, 0% used [0x00000000f2e00000,0x00000000f2e00000,0x00000000f3500000)
 ParOldGen       total 42496K, used 6606K [0x00000000c2000000, 0x00000000c4980000, 0x00000000eb580000)
  object space 42496K, 15% used [0x00000000c2000000,0x00000000c2673830,0x00000000c4980000)
 Metaspace       used 20488K, capacity 21240K, committed 21296K, reserved 1067008K
  class space    used 2628K, capacity 2836K, committed 2864K, reserved 1048576K
Event: 2.387 GC heap after
Heap after GC invocations=9 (full 1):
 PSYoungGen      total 130048K, used 0K [0x00000000eb580000, 0x00000000f3c80000, 0x0000000100000000)
  eden space 123392K, 0% used [0x00000000eb580000,0x00000000eb580000,0x00000000f2e00000)
  from space 6656K, 0% used [0x00000000f3500000,0x00000000f3500000,0x00000000f3b80000)
  to   space 7168K, 0% used [0x00000000f2e00000,0x00000000f2e00000,0x00000000f3500000)
 ParOldGen       total 29696K, used 7833K [0x00000000c2000000, 0x00000000c3d00000, 0x00000000eb580000)
  object space 29696K, 26% used [0x00000000c2000000,0x00000000c27a67f8,0x00000000c3d00000)
 Metaspace       used 20488K, capacity 21240K, committed 21296K, reserved 1067008K
  class space    used 2628K, capacity 2836K, committed 2864K, reserved 1048576K
}

