# JRE version: Java(TM) SE Runtime Environment (8.0_261-b12) (build 1.8.0_261-b12)
# Java VM: Java HotSpot(TM) 64-Bit Server VM (25.261-b12 mixed mode windows-amd64 compressed oops)
Heap:
 PSYoungGen      total 187904K, used 67780K [0x00000000eb580000, 0x00000000f7900000, 0x0000000100000000)
  eden space 179712K, 33% used [0x00000000eb580000,0x00000000eefb58a0,0x00000000f6500000)
  from space 8192K, 99% used [0x00000000f7000000,0x00000000f77fb7f0,0x00000000f7800000)
  to   space 10240K, 0% used [0x00000000f6500000,0x00000000f6500000,0x00000000f6f00000)
 ParOldGen       total 29184K, used 9841K [0x00000000c2000000, 0x00000000c3c80000, 0x00000000eb580000)
  object space 29184K, 33% used [0x00000000c2000000,0x00000000c299c6b8,0x00000000c3c80000)
 Metaspace       used 31857K, capacity 33860K, committed 34048K, reserved 1079296K
  class space    used 4188K, capacity 4558K, committed 4608K, reserved 1048576K
GC Heap History (10 events):
Event: 3.566 GC heap before
{Heap before GC invocations=7 (full 0):
 PSYoungGen      total 66560K, used 66558K [0x00000000eb580000, 0x00000000eff80000, 0x0000000100000000)
  eden space 61952K, 100% used [0x00000000eb580000,0x00000000ef200000,0x00000000ef200000)
  from space 4608K, 99% used [0x00000000ef800000,0x00000000efc7fab0,0x00000000efc80000)
  to   space 6144K, 0% used [0x00000000ef200000,0x00000000ef200000,0x00000000ef800000)
 ParOldGen       total 42496K, used 4438K [0x00000000c2000000, 0x00000000c4980000, 0x00000000eb580000)
  object space 42496K, 10% used [0x00000000c2000000,0x00000000c2455a90,0x00000000c4980000)
 Metaspace       used 17328K, capacity 18090K, committed 18432K, reserved 1064960K
  class space    used 2279K, capacity 2483K, committed 2560K, reserved 1048576K
Event: 3.579 GC heap after
Heap after GC invocations=7 (full 0):
 PSYoungGen      total 68096K, used 5921K [0x00000000eb580000, 0x00000000f3b80000, 0x0000000100000000)
  eden space 61952K, 0% used [0x00000000eb580000,0x00000000eb580000,0x00000000ef200000)
  from space 6144K, 96% used [0x00000000ef200000,0x00000000ef7c8798,0x00000000ef800000)
  to   space 6656K, 0% used [0x00000000f3500000,0x00000000f3500000,0x00000000f3b80000)
 ParOldGen       total 42496K, used 6430K [0x00000000c2000000, 0x00000000c4980000, 0x00000000eb580000)
  object space 42496K, 15% used [0x00000000c2000000,0x00000000c2647918,0x00000000c4980000)
 Metaspace       used 17328K, capacity 18090K, committed 18432K, reserved 1064960K
  class space    used 2279K, capacity 2483K, committed 2560K, reserved 1048576K
}
Event: 3.983 GC heap before
{Heap before GC invocations=8 (full 0):
 PSYoungGen      total 68096K, used 39397K [0x00000000eb580000, 0x00000000f3b80000, 0x0000000100000000)
  eden space 61952K, 54% used [0x00000000eb580000,0x00000000ed630e20,0x00000000ef200000)
  from space 6144K, 96% used [0x00000000ef200000,0x00000000ef7c8798,0x00000000ef800000)
  to   space 6656K, 0% used [0x00000000f3500000,0x00000000f3500000,0x00000000f3b80000)
 ParOldGen       total 42496K, used 6430K [0x00000000c2000000, 0x00000000c4980000, 0x00000000eb580000)
  object space 42496K, 15% used [0x00000000c2000000,0x00000000c2647918,0x00000000c4980000)
 Metaspace       used 20431K, capacity 21204K, committed 21248K, reserved 1067008K
  class space    used 2615K, capacity 2804K, committed 2816K, reserved 1048576K
Event: 3.995 GC heap after
Heap after GC invocations=8 (full 0):
 PSYoungGen      total 130048K, used 5879K [0x00000000eb580000, 0x00000000f3c80000, 0x0000000100000000)
  eden space 123392K, 0% used [0x00000000eb580000,0x00000000eb580000,0x00000000f2e00000)
  from space 6656K, 88% used [0x00000000f3500000,0x00000000f3abdfa0,0x00000000f3b80000)
  to   space 7168K, 0% used [0x00000000f2e00000,0x00000000f2e00000,0x00000000f3500000)
 ParOldGen       total 42496K, used 6470K [0x00000000c2000000, 0x00000000c4980000, 0x00000000eb580000)
  object space 42496K, 15% used [0x00000000c2000000,0x00000000c2651918,0x00000000c4980000)
 Metaspace       used 20431K, capacity 21204K, committed 21248K, reserved 1067008K
  class space    used 2615K, capacity 2804K, committed 2816K, reserved 1048576K
}
Event: 3.995 GC heap before
{Heap before GC invocations=9 (full 1):
 PSYoungGen      total 130048K, used 5879K [0x00000000eb580000, 0x00000000f3c80000, 0x0000000100000000)
  eden space 123392K, 0% used [0x00000000eb580000,0x00000000eb580000,0x00000000f2e00000)
  from space 6656K, 88% used [0x00000000f3500000,0x00000000f3abdfa0,0x00000000f3b80000)
  to   space 7168K, 0% used [0x00000000f2e00000,0x00000000f2e00000,0x00000000f3500000)
 ParOldGen       total 42496K, used 6470K [0x00000000c2000000, 0x00000000c4980000, 0x00000000eb580000)
  object space 42496K, 15% used [0x00000000c2000000,0x00000000c2651918,0x00000000c4980000)
 Metaspace       used 20431K, capacity 21204K, committed 21248K, reserved 1067008K
  class space    used 2615K, capacity 2804K, committed 2816K, reserved 1048576K
Event: 4.041 GC heap after
Heap after GC invocations=9 (full 1):
 PSYoungGen      total 130048K, used 0K [0x00000000eb580000, 0x00000000f3c80000, 0x0000000100000000)
  eden space 123392K, 0% used [0x00000000eb580000,0x00000000eb580000,0x00000000f2e00000)
  from space 6656K, 0% used [0x00000000f3500000,0x00000000f3500000,0x00000000f3b80000)
  to   space 7168K, 0% used [0x00000000f2e00000,0x00000000f2e00000,0x00000000f3500000)
 ParOldGen       total 29184K, used 7734K [0x00000000c2000000, 0x00000000c3c80000, 0x00000000eb580000)
  object space 29184K, 26% used [0x00000000c2000000,0x00000000c278d9d8,0x00000000c3c80000)
 Metaspace       used 20431K, capacity 21204K, committed 21248K, reserved 1067008K
  class space    used 2615K, capacity 2804K, committed 2816K, reserved 1048576K
}
Event: 5.833 GC heap before
{Heap before GC invocations=10 (full 1):
 PSYoungGen      total 130048K, used 123392K [0x00000000eb580000, 0x00000000f3c80000, 0x0000000100000000)
  eden space 123392K, 100% used [0x00000000eb580000,0x00000000f2e00000,0x00000000f2e00000)
  from space 6656K, 0% used [0x00000000f3500000,0x00000000f3500000,0x00000000f3b80000)
  to   space 7168K, 0% used [0x00000000f2e00000,0x00000000f2e00000,0x00000000f3500000)
 ParOldGen       total 29184K, used 7739K [0x00000000c2000000, 0x00000000c3c80000, 0x00000000eb580000)
  object space 29184K, 26% used [0x00000000c2000000,0x00000000c278eec8,0x00000000c3c80000)
 Metaspace       used 24504K, capacity 25438K, committed 25728K, reserved 1071104K
  class space    used 3134K, capacity 3355K, committed 3456K, reserved 1048576K
Event: 5.851 GC heap after
Heap after GC invocations=10 (full 1):
 PSYoungGen      total 130560K, used 7143K [0x00000000eb580000, 0x00000000f7800000, 0x0000000100000000)
  eden space 123392K, 0% used [0x00000000eb580000,0x00000000eb580000,0x00000000f2e00000)
  from space 7168K, 99% used [0x00000000f2e00000,0x00000000f34f9dd8,0x00000000f3500000)
  to   space 8192K, 0% used [0x00000000f7000000,0x00000000f7000000,0x00000000f7800000)
 ParOldGen       total 29184K, used 8077K [0x00000000c2000000, 0x00000000c3c80000, 0x00000000eb580000)
  object space 29184K, 27% used [0x00000000c2000000,0x00000000c27e3760,0x00000000c3c80000)
 Metaspace       used 24504K, capacity 25438K, committed 25728K, reserved 1071104K
  class space    used 3134K, capacity 3355K, committed 3456K, reserved 1048576K
}
Event: 8.763 GC heap before
{Heap before GC invocations=11 (full 1):
 PSYoungGen      total 130560K, used 130535K [0x00000000eb580000, 0x00000000f7800000, 0x0000000100000000)
  eden space 123392K, 100% used [0x00000000eb580000,0x00000000f2e00000,0x00000000f2e00000)
  from space 7168K, 99% used [0x00000000f2e00000,0x00000000f34f9dd8,0x00000000f3500000)
  to   space 8192K, 0% used [0x00000000f7000000,0x00000000f7000000,0x00000000f7800000)
 ParOldGen       total 29184K, used 8077K [0x00000000c2000000, 0x00000000c3c80000, 0x00000000eb580000)
  object space 29184K, 27% used [0x00000000c2000000,0x00000000c27e3760,0x00000000c3c80000)
 Metaspace       used 29309K, capacity 30816K, committed 31104K, reserved 1077248K
  class space    used 3800K, capacity 4112K, committed 4224K, reserved 1048576K
Event: 8.784 GC heap after
Heap after GC invocations=11 (full 1):
 PSYoungGen      total 187904K, used 8173K [0x00000000eb580000, 0x00000000f7900000, 0x0000000100000000)
  eden space 179712K, 0% used [0x00000000eb580000,0x00000000eb580000,0x00000000f6500000)
  from space 8192K, 99% used [0x00000000f7000000,0x00000000f77fb7f0,0x00000000f7800000)
  to   space 10240K, 0% used [0x00000000f6500000,0x00000000f6500000,0x00000000f6f00000)
 ParOldGen       total 29184K, used 9841K [0x00000000c2000000, 0x00000000c3c80000, 0x00000000eb580000)
  object space 29184K, 33% used [0x00000000c2000000,0x00000000c299c6b8,0x00000000c3c80000)
 Metaspace       used 29309K, capacity 30816K, committed 31104K, reserved 1077248K
  class space    used 3800K, capacity 4112K, committed 4224K, reserved 1048576K
}

