# JRE version: Java(TM) SE Runtime Environment (8.0_261-b12) (build 1.8.0_261-b12)
# Java VM: Java HotSpot(TM) 64-Bit Server VM (25.261-b12 mixed mode windows-amd64 compressed oops)
Heap:
 PSYoungGen      total 216064K, used 19271K [0x00000000eb580000, 0x00000000f9980000, 0x0000000100000000)
  eden space 202240K, 9% used [0x00000000eb580000,0x00000000ec851ce8,0x00000000f7b00000)
  from space 13824K, 0% used [0x00000000f7b00000,0x00000000f7b00000,0x00000000f8880000)
  to   space 11776K, 0% used [0x00000000f8880000,0x00000000f8880000,0x00000000f9400000)
 ParOldGen       total 73216K, used 31251K [0x00000000c2000000, 0x00000000c6780000, 0x00000000eb580000)
  object space 73216K, 42% used [0x00000000c2000000,0x00000000c3e84ef0,0x00000000c6780000)
 Metaspace       used 56844K, capacity 59888K, committed 60120K, reserved 1101824K
  class space    used 7610K, capacity 8116K, committed 8192K, reserved 1048576K
GC Heap History (10 events):
Event: 6.499 GC heap before
{Heap before GC invocations=12 (full 1):
 PSYoungGen      total 159744K, used 76075K [0x00000000eb580000, 0x00000000f6f00000, 0x0000000100000000)
  eden space 150016K, 44% used [0x00000000eb580000,0x00000000ef64b9f0,0x00000000f4800000)
  from space 9728K, 99% used [0x00000000f5380000,0x00000000f5cff590,0x00000000f5d00000)
  to   space 11776K, 0% used [0x00000000f4800000,0x00000000f4800000,0x00000000f5380000)
 ParOldGen       total 32256K, used 11649K [0x00000000c2000000, 0x00000000c3f80000, 0x00000000eb580000)
  object space 32256K, 36% used [0x00000000c2000000,0x00000000c2b60488,0x00000000c3f80000)
 Metaspace       used 33441K, capacity 35406K, committed 35416K, reserved 1079296K
  class space    used 4352K, capacity 4727K, committed 4736K, reserved 1048576K
Event: 6.508 GC heap after
Heap after GC invocations=12 (full 1):
 PSYoungGen      total 161792K, used 1874K [0x00000000eb580000, 0x00000000f9400000, 0x0000000100000000)
  eden space 150016K, 0% used [0x00000000eb580000,0x00000000eb580000,0x00000000f4800000)
  from space 11776K, 15% used [0x00000000f4800000,0x00000000f49d4820,0x00000000f5380000)
  to   space 11776K, 0% used [0x00000000f8880000,0x00000000f8880000,0x00000000f9400000)
 ParOldGen       total 32256K, used 18298K [0x00000000c2000000, 0x00000000c3f80000, 0x00000000eb580000)
  object space 32256K, 56% used [0x00000000c2000000,0x00000000c31de8e8,0x00000000c3f80000)
 Metaspace       used 33441K, capacity 35406K, committed 35416K, reserved 1079296K
  class space    used 4352K, capacity 4727K, committed 4736K, reserved 1048576K
}
Event: 6.508 GC heap before
{Heap before GC invocations=13 (full 2):
 PSYoungGen      total 161792K, used 1874K [0x00000000eb580000, 0x00000000f9400000, 0x0000000100000000)
  eden space 150016K, 0% used [0x00000000eb580000,0x00000000eb580000,0x00000000f4800000)
  from space 11776K, 15% used [0x00000000f4800000,0x00000000f49d4820,0x00000000f5380000)
  to   space 11776K, 0% used [0x00000000f8880000,0x00000000f8880000,0x00000000f9400000)
 ParOldGen       total 32256K, used 18298K [0x00000000c2000000, 0x00000000c3f80000, 0x00000000eb580000)
  object space 32256K, 56% used [0x00000000c2000000,0x00000000c31de8e8,0x00000000c3f80000)
 Metaspace       used 33441K, capacity 35406K, committed 35416K, reserved 1079296K
  class space    used 4352K, capacity 4727K, committed 4736K, reserved 1048576K
Event: 6.561 GC heap after
Heap after GC invocations=13 (full 2):
 PSYoungGen      total 161792K, used 0K [0x00000000eb580000, 0x00000000f9400000, 0x0000000100000000)
  eden space 150016K, 0% used [0x00000000eb580000,0x00000000eb580000,0x00000000f4800000)
  from space 11776K, 0% used [0x00000000f4800000,0x00000000f4800000,0x00000000f5380000)
  to   space 11776K, 0% used [0x00000000f8880000,0x00000000f8880000,0x00000000f9400000)
 ParOldGen       total 46080K, used 13807K [0x00000000c2000000, 0x00000000c4d00000, 0x00000000eb580000)
  object space 46080K, 29% used [0x00000000c2000000,0x00000000c2d7bf98,0x00000000c4d00000)
 Metaspace       used 33441K, capacity 35406K, committed 35416K, reserved 1079296K
  class space    used 4352K, capacity 4727K, committed 4736K, reserved 1048576K
}
Event: 9.088 GC heap before
{Heap before GC invocations=14 (full 2):
 PSYoungGen      total 161792K, used 150016K [0x00000000eb580000, 0x00000000f9400000, 0x0000000100000000)
  eden space 150016K, 100% used [0x00000000eb580000,0x00000000f4800000,0x00000000f4800000)
  from space 11776K, 0% used [0x00000000f4800000,0x00000000f4800000,0x00000000f5380000)
  to   space 11776K, 0% used [0x00000000f8880000,0x00000000f8880000,0x00000000f9400000)
 ParOldGen       total 46080K, used 13807K [0x00000000c2000000, 0x00000000c4d00000, 0x00000000eb580000)
  object space 46080K, 29% used [0x00000000c2000000,0x00000000c2d7bf98,0x00000000c4d00000)
 Metaspace       used 43798K, capacity 46306K, committed 46552K, reserved 1089536K
  class space    used 5849K, capacity 6301K, committed 6400K, reserved 1048576K
Event: 9.118 GC heap after
Heap after GC invocations=14 (full 2):
 PSYoungGen      total 214016K, used 11752K [0x00000000eb580000, 0x00000000f9980000, 0x0000000100000000)
  eden space 202240K, 0% used [0x00000000eb580000,0x00000000eb580000,0x00000000f7b00000)
  from space 11776K, 99% used [0x00000000f8880000,0x00000000f93fa158,0x00000000f9400000)
  to   space 13824K, 0% used [0x00000000f7b00000,0x00000000f7b00000,0x00000000f8880000)
 ParOldGen       total 46080K, used 14254K [0x00000000c2000000, 0x00000000c4d00000, 0x00000000eb580000)
  object space 46080K, 30% used [0x00000000c2000000,0x00000000c2deba08,0x00000000c4d00000)
 Metaspace       used 43798K, capacity 46306K, committed 46552K, reserved 1089536K
  class space    used 5849K, capacity 6301K, committed 6400K, reserved 1048576K
}
Event: 14.758 GC heap before
{Heap before GC invocations=15 (full 2):
 PSYoungGen      total 214016K, used 196783K [0x00000000eb580000, 0x00000000f9980000, 0x0000000100000000)
  eden space 202240K, 91% used [0x00000000eb580000,0x00000000f6a31c10,0x00000000f7b00000)
  from space 11776K, 99% used [0x00000000f8880000,0x00000000f93fa158,0x00000000f9400000)
  to   space 13824K, 0% used [0x00000000f7b00000,0x00000000f7b00000,0x00000000f8880000)
 ParOldGen       total 46080K, used 14254K [0x00000000c2000000, 0x00000000c4d00000, 0x00000000eb580000)
  object space 46080K, 30% used [0x00000000c2000000,0x00000000c2deba08,0x00000000c4d00000)
 Metaspace       used 55734K, capacity 58722K, committed 58968K, reserved 1099776K
  class space    used 7430K, capacity 7941K, committed 8064K, reserved 1048576K
Event: 14.783 GC heap after
Heap after GC invocations=15 (full 2):
 PSYoungGen      total 216064K, used 13815K [0x00000000eb580000, 0x00000000f9980000, 0x0000000100000000)
  eden space 202240K, 0% used [0x00000000eb580000,0x00000000eb580000,0x00000000f7b00000)
  from space 13824K, 99% used [0x00000000f7b00000,0x00000000f887de38,0x00000000f8880000)
  to   space 11776K, 0% used [0x00000000f8880000,0x00000000f8880000,0x00000000f9400000)
 ParOldGen       total 46080K, used 20360K [0x00000000c2000000, 0x00000000c4d00000, 0x00000000eb580000)
  object space 46080K, 44% used [0x00000000c2000000,0x00000000c33e20f0,0x00000000c4d00000)
 Metaspace       used 55734K, capacity 58722K, committed 58968K, reserved 1099776K
  class space    used 7430K, capacity 7941K, committed 8064K, reserved 1048576K
}
Event: 14.783 GC heap before
{Heap before GC invocations=16 (full 3):
 PSYoungGen      total 216064K, used 13815K [0x00000000eb580000, 0x00000000f9980000, 0x0000000100000000)
  eden space 202240K, 0% used [0x00000000eb580000,0x00000000eb580000,0x00000000f7b00000)
  from space 13824K, 99% used [0x00000000f7b00000,0x00000000f887de38,0x00000000f8880000)
  to   space 11776K, 0% used [0x00000000f8880000,0x00000000f8880000,0x00000000f9400000)
 ParOldGen       total 46080K, used 20360K [0x00000000c2000000, 0x00000000c4d00000, 0x00000000eb580000)
  object space 46080K, 44% used [0x00000000c2000000,0x00000000c33e20f0,0x00000000c4d00000)
 Metaspace       used 55734K, capacity 58722K, committed 58968K, reserved 1099776K
  class space    used 7430K, capacity 7941K, committed 8064K, reserved 1048576K
Event: 15.036 GC heap after
Heap after GC invocations=16 (full 3):
 PSYoungGen      total 216064K, used 0K [0x00000000eb580000, 0x00000000f9980000, 0x0000000100000000)
  eden space 202240K, 0% used [0x00000000eb580000,0x00000000eb580000,0x00000000f7b00000)
  from space 13824K, 0% used [0x00000000f7b00000,0x00000000f7b00000,0x00000000f8880000)
  to   space 11776K, 0% used [0x00000000f8880000,0x00000000f8880000,0x00000000f9400000)
 ParOldGen       total 73216K, used 31251K [0x00000000c2000000, 0x00000000c6780000, 0x00000000eb580000)
  object space 73216K, 42% used [0x00000000c2000000,0x00000000c3e84ef0,0x00000000c6780000)
 Metaspace       used 55719K, capacity 58698K, committed 58968K, reserved 1099776K
  class space    used 7428K, capacity 7937K, committed 8064K, reserved 1048576K
}

