# JRE version: Java(TM) SE Runtime Environment (8.0_261-b12) (build 1.8.0_261-b12)
# Java VM: Java HotSpot(TM) 64-Bit Server VM (25.261-b12 mixed mode windows-amd64 compressed oops)
Heap:
 PSYoungGen      total 148480K, used 7039K [0x00000000eb580000, 0x00000000f8600000, 0x0000000100000000)
  eden space 138752K, 5% used [0x00000000eb580000,0x00000000ebc5ffa8,0x00000000f3d00000)
  from space 9728K, 0% used [0x00000000f3d00000,0x00000000f3d00000,0x00000000f4680000)
  to   space 10240K, 0% used [0x00000000f7c00000,0x00000000f7c00000,0x00000000f8600000)
 ParOldGen       total 30720K, used 13033K [0x00000000c2000000, 0x00000000c3e00000, 0x00000000eb580000)
  object space 30720K, 42% used [0x00000000c2000000,0x00000000c2cba528,0x00000000c3e00000)
 Metaspace       used 33318K, capacity 35480K, committed 35712K, reserved 1079296K
  class space    used 4471K, capacity 4874K, committed 4992K, reserved 1048576K
GC Heap History (10 events):
Event: 3.819 GC heap before
{Heap before GC invocations=9 (full 1):
 PSYoungGen      total 69120K, used 62976K [0x00000000eb580000, 0x00000000f3c80000, 0x0000000100000000)
  eden space 62976K, 100% used [0x00000000eb580000,0x00000000ef300000,0x00000000ef300000)
  from space 6144K, 0% used [0x00000000ef300000,0x00000000ef300000,0x00000000ef900000)
  to   space 6144K, 0% used [0x00000000f3680000,0x00000000f3680000,0x00000000f3c80000)
 ParOldGen       total 30720K, used 6402K [0x00000000c2000000, 0x00000000c3e00000, 0x00000000eb580000)
  object space 30720K, 20% used [0x00000000c2000000,0x00000000c2640890,0x00000000c3e00000)
 Metaspace       used 24118K, capacity 25576K, committed 25856K, reserved 1071104K
  class space    used 3199K, capacity 3506K, committed 3584K, reserved 1048576K
Event: 3.827 GC heap after
Heap after GC invocations=9 (full 1):
 PSYoungGen      total 108544K, used 5526K [0x00000000eb580000, 0x00000000f3c00000, 0x0000000100000000)
  eden space 102912K, 0% used [0x00000000eb580000,0x00000000eb580000,0x00000000f1a00000)
  from space 5632K, 98% used [0x00000000f3680000,0x00000000f3be5858,0x00000000f3c00000)
  to   space 6656K, 0% used [0x00000000f2f00000,0x00000000f2f00000,0x00000000f3580000)
 ParOldGen       total 30720K, used 6410K [0x00000000c2000000, 0x00000000c3e00000, 0x00000000eb580000)
  object space 30720K, 20% used [0x00000000c2000000,0x00000000c2642890,0x00000000c3e00000)
 Metaspace       used 24118K, capacity 25576K, committed 25856K, reserved 1071104K
  class space    used 3199K, capacity 3506K, committed 3584K, reserved 1048576K
}
Event: 4.728 GC heap before
{Heap before GC invocations=10 (full 1):
 PSYoungGen      total 108544K, used 108438K [0x00000000eb580000, 0x00000000f3c00000, 0x0000000100000000)
  eden space 102912K, 100% used [0x00000000eb580000,0x00000000f1a00000,0x00000000f1a00000)
  from space 5632K, 98% used [0x00000000f3680000,0x00000000f3be5858,0x00000000f3c00000)
  to   space 6656K, 0% used [0x00000000f2f00000,0x00000000f2f00000,0x00000000f3580000)
 ParOldGen       total 30720K, used 6420K [0x00000000c2000000, 0x00000000c3e00000, 0x00000000eb580000)
  object space 30720K, 20% used [0x00000000c2000000,0x00000000c2645380,0x00000000c3e00000)
 Metaspace       used 27367K, capacity 28922K, committed 29056K, reserved 1075200K
  class space    used 3631K, capacity 3955K, committed 3968K, reserved 1048576K
Event: 4.740 GC heap after
Heap after GC invocations=10 (full 1):
 PSYoungGen      total 131072K, used 6635K [0x00000000eb580000, 0x00000000f4e00000, 0x0000000100000000)
  eden space 124416K, 0% used [0x00000000eb580000,0x00000000eb580000,0x00000000f2f00000)
  from space 6656K, 99% used [0x00000000f2f00000,0x00000000f357aed0,0x00000000f3580000)
  to   space 7680K, 0% used [0x00000000f4680000,0x00000000f4680000,0x00000000f4e00000)
 ParOldGen       total 30720K, used 7595K [0x00000000c2000000, 0x00000000c3e00000, 0x00000000eb580000)
  object space 30720K, 24% used [0x00000000c2000000,0x00000000c276ac28,0x00000000c3e00000)
 Metaspace       used 27367K, capacity 28922K, committed 29056K, reserved 1075200K
  class space    used 3631K, capacity 3955K, committed 3968K, reserved 1048576K
}
Event: 6.596 GC heap before
{Heap before GC invocations=11 (full 1):
 PSYoungGen      total 131072K, used 131051K [0x00000000eb580000, 0x00000000f4e00000, 0x0000000100000000)
  eden space 124416K, 100% used [0x00000000eb580000,0x00000000f2f00000,0x00000000f2f00000)
  from space 6656K, 99% used [0x00000000f2f00000,0x00000000f357aed0,0x00000000f3580000)
  to   space 7680K, 0% used [0x00000000f4680000,0x00000000f4680000,0x00000000f4e00000)
 ParOldGen       total 30720K, used 7595K [0x00000000c2000000, 0x00000000c3e00000, 0x00000000eb580000)
  object space 30720K, 24% used [0x00000000c2000000,0x00000000c276ac28,0x00000000c3e00000)
 Metaspace       used 32497K, capacity 34564K, committed 34688K, reserved 1079296K
  class space    used 4356K, capacity 4726K, committed 4736K, reserved 1048576K
Event: 6.613 GC heap after
Heap after GC invocations=11 (full 1):
 PSYoungGen      total 146432K, used 7661K [0x00000000eb580000, 0x00000000f6c80000, 0x0000000100000000)
  eden space 138752K, 0% used [0x00000000eb580000,0x00000000eb580000,0x00000000f3d00000)
  from space 7680K, 99% used [0x00000000f4680000,0x00000000f4dfb450,0x00000000f4e00000)
  to   space 9728K, 0% used [0x00000000f3d00000,0x00000000f3d00000,0x00000000f4680000)
 ParOldGen       total 30720K, used 11161K [0x00000000c2000000, 0x00000000c3e00000, 0x00000000eb580000)
  object space 30720K, 36% used [0x00000000c2000000,0x00000000c2ae6620,0x00000000c3e00000)
 Metaspace       used 32497K, capacity 34564K, committed 34688K, reserved 1079296K
  class space    used 4356K, capacity 4726K, committed 4736K, reserved 1048576K
}
Event: 6.992 GC heap before
{Heap before GC invocations=12 (full 1):
 PSYoungGen      total 146432K, used 42113K [0x00000000eb580000, 0x00000000f6c80000, 0x0000000100000000)
  eden space 138752K, 24% used [0x00000000eb580000,0x00000000ed725230,0x00000000f3d00000)
  from space 7680K, 99% used [0x00000000f4680000,0x00000000f4dfb450,0x00000000f4e00000)
  to   space 9728K, 0% used [0x00000000f3d00000,0x00000000f3d00000,0x00000000f4680000)
 ParOldGen       total 30720K, used 11161K [0x00000000c2000000, 0x00000000c3e00000, 0x00000000eb580000)
  object space 30720K, 36% used [0x00000000c2000000,0x00000000c2ae6620,0x00000000c3e00000)
 Metaspace       used 33185K, capacity 35270K, committed 35456K, reserved 1079296K
  class space    used 4459K, capacity 4869K, committed 4992K, reserved 1048576K
Event: 7.006 GC heap after
Heap after GC invocations=12 (full 1):
 PSYoungGen      total 148480K, used 1720K [0x00000000eb580000, 0x00000000f8600000, 0x0000000100000000)
  eden space 138752K, 0% used [0x00000000eb580000,0x00000000eb580000,0x00000000f3d00000)
  from space 9728K, 17% used [0x00000000f3d00000,0x00000000f3eae038,0x00000000f4680000)
  to   space 10240K, 0% used [0x00000000f7c00000,0x00000000f7c00000,0x00000000f8600000)
 ParOldGen       total 30720K, used 16322K [0x00000000c2000000, 0x00000000c3e00000, 0x00000000eb580000)
  object space 30720K, 53% used [0x00000000c2000000,0x00000000c2ff0a00,0x00000000c3e00000)
 Metaspace       used 33185K, capacity 35270K, committed 35456K, reserved 1079296K
  class space    used 4459K, capacity 4869K, committed 4992K, reserved 1048576K
}
Event: 7.006 GC heap before
{Heap before GC invocations=13 (full 2):
 PSYoungGen      total 148480K, used 1720K [0x00000000eb580000, 0x00000000f8600000, 0x0000000100000000)
  eden space 138752K, 0% used [0x00000000eb580000,0x00000000eb580000,0x00000000f3d00000)
  from space 9728K, 17% used [0x00000000f3d00000,0x00000000f3eae038,0x00000000f4680000)
  to   space 10240K, 0% used [0x00000000f7c00000,0x00000000f7c00000,0x00000000f8600000)
 ParOldGen       total 30720K, used 16322K [0x00000000c2000000, 0x00000000c3e00000, 0x00000000eb580000)
  object space 30720K, 53% used [0x00000000c2000000,0x00000000c2ff0a00,0x00000000c3e00000)
 Metaspace       used 33185K, capacity 35270K, committed 35456K, reserved 1079296K
  class space    used 4459K, capacity 4869K, committed 4992K, reserved 1048576K
Event: 7.082 GC heap after
Heap after GC invocations=13 (full 2):
 PSYoungGen      total 148480K, used 0K [0x00000000eb580000, 0x00000000f8600000, 0x0000000100000000)
  eden space 138752K, 0% used [0x00000000eb580000,0x00000000eb580000,0x00000000f3d00000)
  from space 9728K, 0% used [0x00000000f3d00000,0x00000000f3d00000,0x00000000f4680000)
  to   space 10240K, 0% used [0x00000000f7c00000,0x00000000f7c00000,0x00000000f8600000)
 ParOldGen       total 30720K, used 13033K [0x00000000c2000000, 0x00000000c3e00000, 0x00000000eb580000)
  object space 30720K, 42% used [0x00000000c2000000,0x00000000c2cba528,0x00000000c3e00000)
 Metaspace       used 33185K, capacity 35270K, committed 35456K, reserved 1079296K
  class space    used 4459K, capacity 4869K, committed 4992K, reserved 1048576K
}

