# JRE version: Java(TM) SE Runtime Environment (8.0_261-b12) (build 1.8.0_261-b12)
# Java VM: Java HotSpot(TM) 64-Bit Server VM (25.261-b12 mixed mode windows-amd64 compressed oops)
Heap:
 PSYoungGen      total 284672K, used 83112K [0x00000000eb580000, 0x0000000100000000, 0x0000000100000000)
  eden space 269824K, 30% used [0x00000000eb580000,0x00000000f06aa110,0x00000000fbd00000)
  from space 14848K, 0% used [0x00000000fbd00000,0x00000000fbd00000,0x00000000fcb80000)
  to   space 16896K, 0% used [0x00000000fef80000,0x00000000fef80000,0x0000000100000000)
 ParOldGen       total 62976K, used 30723K [0x00000000c2000000, 0x00000000c5d80000, 0x00000000eb580000)
  object space 62976K, 48% used [0x00000000c2000000,0x00000000c3e00e18,0x00000000c5d80000)
 Metaspace       used 60657K, capacity 63796K, committed 64088K, reserved 1103872K
  class space    used 8178K, capacity 8712K, committed 8832K, reserved 1048576K
GC Heap History (10 events):
Event: 10.055 GC heap before
{Heap before GC invocations=12 (full 1):
 PSYoungGen      total 190464K, used 65041K [0x00000000eb580000, 0x00000000f8200000, 0x0000000100000000)
  eden space 180736K, 30% used [0x00000000eb580000,0x00000000eeb868b0,0x00000000f6600000)
  from space 9728K, 99% used [0x00000000f7200000,0x00000000f7b7dce8,0x00000000f7b80000)
  to   space 12288K, 0% used [0x00000000f6600000,0x00000000f6600000,0x00000000f7200000)
 ParOldGen       total 29696K, used 12587K [0x00000000c2000000, 0x00000000c3d00000, 0x00000000eb580000)
  object space 29696K, 42% used [0x00000000c2000000,0x00000000c2c4ae00,0x00000000c3d00000)
 Metaspace       used 33425K, capacity 35408K, committed 35416K, reserved 1079296K
  class space    used 4352K, capacity 4728K, committed 4736K, reserved 1048576K
Event: 10.065 GC heap after
Heap after GC invocations=12 (full 1):
 PSYoungGen      total 193024K, used 1110K [0x00000000eb580000, 0x00000000fda00000, 0x0000000100000000)
  eden space 180736K, 0% used [0x00000000eb580000,0x00000000eb580000,0x00000000f6600000)
  from space 12288K, 9% used [0x00000000f6600000,0x00000000f67159d0,0x00000000f7200000)
  to   space 12288K, 0% used [0x00000000fce00000,0x00000000fce00000,0x00000000fda00000)
 ParOldGen       total 29696K, used 19537K [0x00000000c2000000, 0x00000000c3d00000, 0x00000000eb580000)
  object space 29696K, 65% used [0x00000000c2000000,0x00000000c33145a8,0x00000000c3d00000)
 Metaspace       used 33425K, capacity 35408K, committed 35416K, reserved 1079296K
  class space    used 4352K, capacity 4728K, committed 4736K, reserved 1048576K
}
Event: 10.065 GC heap before
{Heap before GC invocations=13 (full 2):
 PSYoungGen      total 193024K, used 1110K [0x00000000eb580000, 0x00000000fda00000, 0x0000000100000000)
  eden space 180736K, 0% used [0x00000000eb580000,0x00000000eb580000,0x00000000f6600000)
  from space 12288K, 9% used [0x00000000f6600000,0x00000000f67159d0,0x00000000f7200000)
  to   space 12288K, 0% used [0x00000000fce00000,0x00000000fce00000,0x00000000fda00000)
 ParOldGen       total 29696K, used 19537K [0x00000000c2000000, 0x00000000c3d00000, 0x00000000eb580000)
  object space 29696K, 65% used [0x00000000c2000000,0x00000000c33145a8,0x00000000c3d00000)
 Metaspace       used 33425K, capacity 35408K, committed 35416K, reserved 1079296K
  class space    used 4352K, capacity 4728K, committed 4736K, reserved 1048576K
Event: 10.123 GC heap after
Heap after GC invocations=13 (full 2):
 PSYoungGen      total 193024K, used 0K [0x00000000eb580000, 0x00000000fda00000, 0x0000000100000000)
  eden space 180736K, 0% used [0x00000000eb580000,0x00000000eb580000,0x00000000f6600000)
  from space 12288K, 0% used [0x00000000f6600000,0x00000000f6600000,0x00000000f7200000)
  to   space 12288K, 0% used [0x00000000fce00000,0x00000000fce00000,0x00000000fda00000)
 ParOldGen       total 39936K, used 13330K [0x00000000c2000000, 0x00000000c4700000, 0x00000000eb580000)
  object space 39936K, 33% used [0x00000000c2000000,0x00000000c2d04900,0x00000000c4700000)
 Metaspace       used 33425K, capacity 35408K, committed 35416K, reserved 1079296K
  class space    used 4352K, capacity 4728K, committed 4736K, reserved 1048576K
}
Event: 19.261 GC heap before
{Heap before GC invocations=14 (full 2):
 PSYoungGen      total 193024K, used 180736K [0x00000000eb580000, 0x00000000fda00000, 0x0000000100000000)
  eden space 180736K, 100% used [0x00000000eb580000,0x00000000f6600000,0x00000000f6600000)
  from space 12288K, 0% used [0x00000000f6600000,0x00000000f6600000,0x00000000f7200000)
  to   space 12288K, 0% used [0x00000000fce00000,0x00000000fce00000,0x00000000fda00000)
 ParOldGen       total 39936K, used 13330K [0x00000000c2000000, 0x00000000c4700000, 0x00000000eb580000)
  object space 39936K, 33% used [0x00000000c2000000,0x00000000c2d04900,0x00000000c4700000)
 Metaspace       used 44815K, capacity 47452K, committed 47704K, reserved 1091584K
  class space    used 5999K, capacity 6456K, committed 6528K, reserved 1048576K
Event: 19.286 GC heap after
Heap after GC invocations=14 (full 2):
 PSYoungGen      total 272896K, used 12274K [0x00000000eb580000, 0x00000000fda00000, 0x0000000100000000)
  eden space 260608K, 0% used [0x00000000eb580000,0x00000000eb580000,0x00000000fb400000)
  from space 12288K, 99% used [0x00000000fce00000,0x00000000fd9fcbd0,0x00000000fda00000)
  to   space 14848K, 0% used [0x00000000fbd00000,0x00000000fbd00000,0x00000000fcb80000)
 ParOldGen       total 39936K, used 14900K [0x00000000c2000000, 0x00000000c4700000, 0x00000000eb580000)
  object space 39936K, 37% used [0x00000000c2000000,0x00000000c2e8d288,0x00000000c4700000)
 Metaspace       used 44815K, capacity 47452K, committed 47704K, reserved 1091584K
  class space    used 5999K, capacity 6456K, committed 6528K, reserved 1048576K
}
Event: 27.450 GC heap before
{Heap before GC invocations=15 (full 2):
 PSYoungGen      total 272896K, used 170452K [0x00000000eb580000, 0x00000000fda00000, 0x0000000100000000)
  eden space 260608K, 60% used [0x00000000eb580000,0x00000000f4ff8818,0x00000000fb400000)
  from space 12288K, 99% used [0x00000000fce00000,0x00000000fd9fcbd0,0x00000000fda00000)
  to   space 14848K, 0% used [0x00000000fbd00000,0x00000000fbd00000,0x00000000fcb80000)
 ParOldGen       total 39936K, used 14900K [0x00000000c2000000, 0x00000000c4700000, 0x00000000eb580000)
  object space 39936K, 37% used [0x00000000c2000000,0x00000000c2e8d288,0x00000000c4700000)
 Metaspace       used 55718K, capacity 58718K, committed 58968K, reserved 1099776K
  class space    used 7428K, capacity 7941K, committed 8064K, reserved 1048576K
Event: 27.476 GC heap after
Heap after GC invocations=15 (full 2):
 PSYoungGen      total 284672K, used 13842K [0x00000000eb580000, 0x0000000100000000, 0x0000000100000000)
  eden space 269824K, 0% used [0x00000000eb580000,0x00000000eb580000,0x00000000fbd00000)
  from space 14848K, 93% used [0x00000000fbd00000,0x00000000fca84928,0x00000000fcb80000)
  to   space 16896K, 0% used [0x00000000fef80000,0x00000000fef80000,0x0000000100000000)
 ParOldGen       total 39936K, used 20449K [0x00000000c2000000, 0x00000000c4700000, 0x00000000eb580000)
  object space 39936K, 51% used [0x00000000c2000000,0x00000000c33f85f8,0x00000000c4700000)
 Metaspace       used 55718K, capacity 58718K, committed 58968K, reserved 1099776K
  class space    used 7428K, capacity 7941K, committed 8064K, reserved 1048576K
}
Event: 27.476 GC heap before
{Heap before GC invocations=16 (full 3):
 PSYoungGen      total 284672K, used 13842K [0x00000000eb580000, 0x0000000100000000, 0x0000000100000000)
  eden space 269824K, 0% used [0x00000000eb580000,0x00000000eb580000,0x00000000fbd00000)
  from space 14848K, 93% used [0x00000000fbd00000,0x00000000fca84928,0x00000000fcb80000)
  to   space 16896K, 0% used [0x00000000fef80000,0x00000000fef80000,0x0000000100000000)
 ParOldGen       total 39936K, used 20449K [0x00000000c2000000, 0x00000000c4700000, 0x00000000eb580000)
  object space 39936K, 51% used [0x00000000c2000000,0x00000000c33f85f8,0x00000000c4700000)
 Metaspace       used 55718K, capacity 58718K, committed 58968K, reserved 1099776K
  class space    used 7428K, capacity 7941K, committed 8064K, reserved 1048576K
Event: 27.680 GC heap after
Heap after GC invocations=16 (full 3):
 PSYoungGen      total 284672K, used 0K [0x00000000eb580000, 0x0000000100000000, 0x0000000100000000)
  eden space 269824K, 0% used [0x00000000eb580000,0x00000000eb580000,0x00000000fbd00000)
  from space 14848K, 0% used [0x00000000fbd00000,0x00000000fbd00000,0x00000000fcb80000)
  to   space 16896K, 0% used [0x00000000fef80000,0x00000000fef80000,0x0000000100000000)
 ParOldGen       total 62976K, used 30723K [0x00000000c2000000, 0x00000000c5d80000, 0x00000000eb580000)
  object space 62976K, 48% used [0x00000000c2000000,0x00000000c3e00e18,0x00000000c5d80000)
 Metaspace       used 55703K, capacity 58694K, committed 58968K, reserved 1099776K
  class space    used 7426K, capacity 7937K, committed 8064K, reserved 1048576K
}

