# JRE version: Java(TM) SE Runtime Environment (8.0_261-b12) (build 1.8.0_261-b12)
# Java VM: Java HotSpot(TM) 64-Bit Server VM (25.261-b12 mixed mode windows-amd64 compressed oops)
Heap:
 PSYoungGen      total 62976K, used 55251K [0x00000000eb580000, 0x00000000ef800000, 0x0000000100000000)
  eden space 57856K, 93% used [0x00000000eb580000,0x00000000eea7cfe0,0x00000000eee00000)
  from space 5120K, 19% used [0x00000000ef300000,0x00000000ef3f8000,0x00000000ef800000)
  to   space 5120K, 0% used [0x00000000eee00000,0x00000000eee00000,0x00000000ef300000)
 ParOldGen       total 107520K, used 75158K [0x00000000c2000000, 0x00000000c8900000, 0x00000000eb580000)
  object space 107520K, 69% used [0x00000000c2000000,0x00000000c6965878,0x00000000c8900000)
 Metaspace       used 73833K, capacity 78312K, committed 78616K, reserved 1118208K
  class space    used 9535K, capacity 10235K, committed 10288K, reserved 1048576K
GC Heap History (10 events):
Event: 108237.398 GC heap before
{Heap before GC invocations=784 (full 6):
 PSYoungGen      total 39936K, used 36160K [0x00000000eb580000, 0x00000000ee800000, 0x0000000100000000)
  eden space 34816K, 100% used [0x00000000eb580000,0x00000000ed780000,0x00000000ed780000)
  from space 5120K, 26% used [0x00000000ed780000,0x00000000ed8d0000,0x00000000edc80000)
  to   space 5120K, 0% used [0x00000000ee300000,0x00000000ee300000,0x00000000ee800000)
 ParOldGen       total 107520K, used 64937K [0x00000000c2000000, 0x00000000c8900000, 0x00000000eb580000)
  object space 107520K, 60% used [0x00000000c2000000,0x00000000c5f6a7f8,0x00000000c8900000)
 Metaspace       used 72677K, capacity 77074K, committed 77208K, reserved 1116160K
  class space    used 9465K, capacity 10138K, committed 10160K, reserved 1048576K
Event: 108237.410 GC heap after
Heap after GC invocations=784 (full 6):
 PSYoungGen      total 46592K, used 1920K [0x00000000eb580000, 0x00000000ee800000, 0x0000000100000000)
  eden space 41472K, 0% used [0x00000000eb580000,0x00000000eb580000,0x00000000ede00000)
  from space 5120K, 37% used [0x00000000ee300000,0x00000000ee4e0000,0x00000000ee800000)
  to   space 5120K, 0% used [0x00000000ede00000,0x00000000ede00000,0x00000000ee300000)
 ParOldGen       total 107520K, used 66137K [0x00000000c2000000, 0x00000000c8900000, 0x00000000eb580000)
  object space 107520K, 61% used [0x00000000c2000000,0x00000000c60967f8,0x00000000c8900000)
 Metaspace       used 72677K, capacity 77074K, committed 77208K, reserved 1116160K
  class space    used 9465K, capacity 10138K, committed 10160K, reserved 1048576K
}
Event: 108237.706 GC heap before
{Heap before GC invocations=785 (full 6):
 PSYoungGen      total 46592K, used 43392K [0x00000000eb580000, 0x00000000ee800000, 0x0000000100000000)
  eden space 41472K, 100% used [0x00000000eb580000,0x00000000ede00000,0x00000000ede00000)
  from space 5120K, 37% used [0x00000000ee300000,0x00000000ee4e0000,0x00000000ee800000)
  to   space 5120K, 0% used [0x00000000ede00000,0x00000000ede00000,0x00000000ee300000)
 ParOldGen       total 107520K, used 66137K [0x00000000c2000000, 0x00000000c8900000, 0x00000000eb580000)
  object space 107520K, 61% used [0x00000000c2000000,0x00000000c60967f8,0x00000000c8900000)
 Metaspace       used 73000K, capacity 77374K, committed 77592K, reserved 1116160K
  class space    used 9482K, capacity 10172K, committed 10288K, reserved 1048576K
Event: 108237.716 GC heap after
Heap after GC invocations=785 (full 6):
 PSYoungGen      total 46592K, used 2144K [0x00000000eb580000, 0x00000000eef80000, 0x0000000100000000)
  eden space 41472K, 0% used [0x00000000eb580000,0x00000000eb580000,0x00000000ede00000)
  from space 5120K, 41% used [0x00000000ede00000,0x00000000ee018020,0x00000000ee300000)
  to   space 5120K, 0% used [0x00000000eea80000,0x00000000eea80000,0x00000000eef80000)
 ParOldGen       total 107520K, used 67842K [0x00000000c2000000, 0x00000000c8900000, 0x00000000eb580000)
  object space 107520K, 63% used [0x00000000c2000000,0x00000000c6240880,0x00000000c8900000)
 Metaspace       used 73000K, capacity 77374K, committed 77592K, reserved 1116160K
  class space    used 9482K, capacity 10172K, committed 10288K, reserved 1048576K
}
Event: 108273.160 GC heap before
{Heap before GC invocations=786 (full 6):
 PSYoungGen      total 46592K, used 43616K [0x00000000eb580000, 0x00000000eef80000, 0x0000000100000000)
  eden space 41472K, 100% used [0x00000000eb580000,0x00000000ede00000,0x00000000ede00000)
  from space 5120K, 41% used [0x00000000ede00000,0x00000000ee018020,0x00000000ee300000)
  to   space 5120K, 0% used [0x00000000eea80000,0x00000000eea80000,0x00000000eef80000)
 ParOldGen       total 107520K, used 67842K [0x00000000c2000000, 0x00000000c8900000, 0x00000000eb580000)
  object space 107520K, 63% used [0x00000000c2000000,0x00000000c6240880,0x00000000c8900000)
 Metaspace       used 73061K, capacity 77446K, committed 77592K, reserved 1116160K
  class space    used 9483K, capacity 10172K, committed 10288K, reserved 1048576K
Event: 108273.171 GC heap after
Heap after GC invocations=786 (full 6):
 PSYoungGen      total 54272K, used 4176K [0x00000000eb580000, 0x00000000eef80000, 0x0000000100000000)
  eden space 49152K, 0% used [0x00000000eb580000,0x00000000eb580000,0x00000000ee580000)
  from space 5120K, 81% used [0x00000000eea80000,0x00000000eee94150,0x00000000eef80000)
  to   space 5120K, 0% used [0x00000000ee580000,0x00000000ee580000,0x00000000eea80000)
 ParOldGen       total 107520K, used 69835K [0x00000000c2000000, 0x00000000c8900000, 0x00000000eb580000)
  object space 107520K, 64% used [0x00000000c2000000,0x00000000c6432dc0,0x00000000c8900000)
 Metaspace       used 73061K, capacity 77446K, committed 77592K, reserved 1116160K
  class space    used 9483K, capacity 10172K, committed 10288K, reserved 1048576K
}
Event: 108273.581 GC heap before
{Heap before GC invocations=787 (full 6):
 PSYoungGen      total 54272K, used 53328K [0x00000000eb580000, 0x00000000eef80000, 0x0000000100000000)
  eden space 49152K, 100% used [0x00000000eb580000,0x00000000ee580000,0x00000000ee580000)
  from space 5120K, 81% used [0x00000000eea80000,0x00000000eee94150,0x00000000eef80000)
  to   space 5120K, 0% used [0x00000000ee580000,0x00000000ee580000,0x00000000eea80000)
 ParOldGen       total 107520K, used 69835K [0x00000000c2000000, 0x00000000c8900000, 0x00000000eb580000)
  object space 107520K, 64% used [0x00000000c2000000,0x00000000c6432dc0,0x00000000c8900000)
 Metaspace       used 73291K, capacity 77656K, committed 77848K, reserved 1116160K
  class space    used 9501K, capacity 10185K, committed 10288K, reserved 1048576K
Event: 108273.602 GC heap after
Heap after GC invocations=787 (full 6):
 PSYoungGen      total 54272K, used 1408K [0x00000000eb580000, 0x00000000ef800000, 0x0000000100000000)
  eden space 49152K, 0% used [0x00000000eb580000,0x00000000eb580000,0x00000000ee580000)
  from space 5120K, 27% used [0x00000000ee580000,0x00000000ee6e0000,0x00000000eea80000)
  to   space 5120K, 0% used [0x00000000ef300000,0x00000000ef300000,0x00000000ef800000)
 ParOldGen       total 107520K, used 73838K [0x00000000c2000000, 0x00000000c8900000, 0x00000000eb580000)
  object space 107520K, 68% used [0x00000000c2000000,0x00000000c681b878,0x00000000c8900000)
 Metaspace       used 73291K, capacity 77656K, committed 77848K, reserved 1116160K
  class space    used 9501K, capacity 10185K, committed 10288K, reserved 1048576K
}
Event: 108273.886 GC heap before
{Heap before GC invocations=788 (full 6):
 PSYoungGen      total 54272K, used 50560K [0x00000000eb580000, 0x00000000ef800000, 0x0000000100000000)
  eden space 49152K, 100% used [0x00000000eb580000,0x00000000ee580000,0x00000000ee580000)
  from space 5120K, 27% used [0x00000000ee580000,0x00000000ee6e0000,0x00000000eea80000)
  to   space 5120K, 0% used [0x00000000ef300000,0x00000000ef300000,0x00000000ef800000)
 ParOldGen       total 107520K, used 73838K [0x00000000c2000000, 0x00000000c8900000, 0x00000000eb580000)
  object space 107520K, 68% used [0x00000000c2000000,0x00000000c681b878,0x00000000c8900000)
 Metaspace       used 73541K, capacity 78000K, committed 78104K, reserved 1118208K
  class space    used 9520K, capacity 10199K, committed 10288K, reserved 1048576K
Event: 108273.899 GC heap after
Heap after GC invocations=788 (full 6):
 PSYoungGen      total 62976K, used 992K [0x00000000eb580000, 0x00000000ef800000, 0x0000000100000000)
  eden space 57856K, 0% used [0x00000000eb580000,0x00000000eb580000,0x00000000eee00000)
  from space 5120K, 19% used [0x00000000ef300000,0x00000000ef3f8000,0x00000000ef800000)
  to   space 5120K, 0% used [0x00000000eee00000,0x00000000eee00000,0x00000000ef300000)
 ParOldGen       total 107520K, used 75158K [0x00000000c2000000, 0x00000000c8900000, 0x00000000eb580000)
  object space 107520K, 69% used [0x00000000c2000000,0x00000000c6965878,0x00000000c8900000)
 Metaspace       used 73541K, capacity 78000K, committed 78104K, reserved 1118208K
  class space    used 9520K, capacity 10199K, committed 10288K, reserved 1048576K
}

