# JRE version: Java(TM) SE Runtime Environment (8.0_261-b12) (build 1.8.0_261-b12)
# Java VM: Java HotSpot(TM) 64-Bit Server VM (25.261-b12 mixed mode windows-amd64 compressed oops)
Heap:
 PSYoungGen      total 144384K, used 84056K [0x00000000eb580000, 0x00000000f7e80000, 0x0000000100000000)
  eden space 134656K, 62% used [0x00000000eb580000,0x00000000f07963f8,0x00000000f3900000)
  from space 9728K, 0% used [0x00000000f3900000,0x00000000f3900000,0x00000000f4280000)
  to   space 10240K, 0% used [0x00000000f7480000,0x00000000f7480000,0x00000000f7e80000)
 ParOldGen       total 51200K, used 12901K [0x00000000c2000000, 0x00000000c5200000, 0x00000000eb580000)
  object space 51200K, 25% used [0x00000000c2000000,0x00000000c2c994d0,0x00000000c5200000)
 Metaspace       used 36354K, capacity 38638K, committed 38912K, reserved 1083392K
  class space    used 4875K, capacity 5275K, committed 5376K, reserved 1048576K
GC Heap History (10 events):
Event: 3.683 GC heap before
{Heap before GC invocations=9 (full 1):
 PSYoungGen      total 69120K, used 62976K [0x00000000eb580000, 0x00000000f3c80000, 0x0000000100000000)
  eden space 62976K, 100% used [0x00000000eb580000,0x00000000ef300000,0x00000000ef300000)
  from space 6144K, 0% used [0x00000000ef300000,0x00000000ef300000,0x00000000ef900000)
  to   space 6144K, 0% used [0x00000000f3680000,0x00000000f3680000,0x00000000f3c80000)
 ParOldGen       total 31232K, used 6503K [0x00000000c2000000, 0x00000000c3e80000, 0x00000000eb580000)
  object space 31232K, 20% used [0x00000000c2000000,0x00000000c2659c78,0x00000000c3e80000)
 Metaspace       used 24246K, capacity 25636K, committed 25856K, reserved 1071104K
  class space    used 3222K, capacity 3506K, committed 3584K, reserved 1048576K
Event: 3.691 GC heap after
Heap after GC invocations=9 (full 1):
 PSYoungGen      total 107520K, used 5722K [0x00000000eb580000, 0x00000000f3c80000, 0x0000000100000000)
  eden space 101376K, 0% used [0x00000000eb580000,0x00000000eb580000,0x00000000f1880000)
  from space 6144K, 93% used [0x00000000f3680000,0x00000000f3c16b10,0x00000000f3c80000)
  to   space 6656K, 0% used [0x00000000f2f80000,0x00000000f2f80000,0x00000000f3600000)
 ParOldGen       total 31232K, used 6511K [0x00000000c2000000, 0x00000000c3e80000, 0x00000000eb580000)
  object space 31232K, 20% used [0x00000000c2000000,0x00000000c265bc78,0x00000000c3e80000)
 Metaspace       used 24246K, capacity 25636K, committed 25856K, reserved 1071104K
  class space    used 3222K, capacity 3506K, committed 3584K, reserved 1048576K
}
Event: 4.864 GC heap before
{Heap before GC invocations=10 (full 1):
 PSYoungGen      total 107520K, used 107098K [0x00000000eb580000, 0x00000000f3c80000, 0x0000000100000000)
  eden space 101376K, 100% used [0x00000000eb580000,0x00000000f1880000,0x00000000f1880000)
  from space 6144K, 93% used [0x00000000f3680000,0x00000000f3c16b10,0x00000000f3c80000)
  to   space 6656K, 0% used [0x00000000f2f80000,0x00000000f2f80000,0x00000000f3600000)
 ParOldGen       total 31232K, used 6511K [0x00000000c2000000, 0x00000000c3e80000, 0x00000000eb580000)
  object space 31232K, 20% used [0x00000000c2000000,0x00000000c265bc78,0x00000000c3e80000)
 Metaspace       used 27387K, capacity 28988K, committed 29056K, reserved 1075200K
  class space    used 3635K, capacity 3956K, committed 3968K, reserved 1048576K
Event: 4.874 GC heap after
Heap after GC invocations=10 (full 1):
 PSYoungGen      total 131584K, used 6650K [0x00000000eb580000, 0x00000000f4a00000, 0x0000000100000000)
  eden space 124928K, 0% used [0x00000000eb580000,0x00000000eb580000,0x00000000f2f80000)
  from space 6656K, 99% used [0x00000000f2f80000,0x00000000f35fe930,0x00000000f3600000)
  to   space 7680K, 0% used [0x00000000f4280000,0x00000000f4280000,0x00000000f4a00000)
 ParOldGen       total 31232K, used 7437K [0x00000000c2000000, 0x00000000c3e80000, 0x00000000eb580000)
  object space 31232K, 23% used [0x00000000c2000000,0x00000000c27434d0,0x00000000c3e80000)
 Metaspace       used 27387K, capacity 28988K, committed 29056K, reserved 1075200K
  class space    used 3635K, capacity 3956K, committed 3968K, reserved 1048576K
}
Event: 6.991 GC heap before
{Heap before GC invocations=11 (full 1):
 PSYoungGen      total 131584K, used 131578K [0x00000000eb580000, 0x00000000f4a00000, 0x0000000100000000)
  eden space 124928K, 100% used [0x00000000eb580000,0x00000000f2f80000,0x00000000f2f80000)
  from space 6656K, 99% used [0x00000000f2f80000,0x00000000f35fe930,0x00000000f3600000)
  to   space 7680K, 0% used [0x00000000f4280000,0x00000000f4280000,0x00000000f4a00000)
 ParOldGen       total 31232K, used 7437K [0x00000000c2000000, 0x00000000c3e80000, 0x00000000eb580000)
  object space 31232K, 23% used [0x00000000c2000000,0x00000000c27434d0,0x00000000c3e80000)
 Metaspace       used 32553K, capacity 34628K, committed 34688K, reserved 1079296K
  class space    used 4361K, capacity 4726K, committed 4736K, reserved 1048576K
Event: 7.012 GC heap after
Heap after GC invocations=11 (full 1):
 PSYoungGen      total 142336K, used 7659K [0x00000000eb580000, 0x00000000f6b80000, 0x0000000100000000)
  eden space 134656K, 0% used [0x00000000eb580000,0x00000000eb580000,0x00000000f3900000)
  from space 7680K, 99% used [0x00000000f4280000,0x00000000f49faf88,0x00000000f4a00000)
  to   space 9728K, 0% used [0x00000000f3900000,0x00000000f3900000,0x00000000f4280000)
 ParOldGen       total 31232K, used 11235K [0x00000000c2000000, 0x00000000c3e80000, 0x00000000eb580000)
  object space 31232K, 35% used [0x00000000c2000000,0x00000000c2af8d30,0x00000000c3e80000)
 Metaspace       used 32553K, capacity 34628K, committed 34688K, reserved 1079296K
  class space    used 4361K, capacity 4726K, committed 4736K, reserved 1048576K
}
Event: 7.411 GC heap before
{Heap before GC invocations=12 (full 1):
 PSYoungGen      total 142336K, used 34429K [0x00000000eb580000, 0x00000000f6b80000, 0x0000000100000000)
  eden space 134656K, 19% used [0x00000000eb580000,0x00000000ecfa4690,0x00000000f3900000)
  from space 7680K, 99% used [0x00000000f4280000,0x00000000f49faf88,0x00000000f4a00000)
  to   space 9728K, 0% used [0x00000000f3900000,0x00000000f3900000,0x00000000f4280000)
 ParOldGen       total 31232K, used 11235K [0x00000000c2000000, 0x00000000c3e80000, 0x00000000eb580000)
  object space 31232K, 35% used [0x00000000c2000000,0x00000000c2af8d30,0x00000000c3e80000)
 Metaspace       used 33181K, capacity 35334K, committed 35496K, reserved 1079296K
  class space    used 4456K, capacity 4869K, committed 4992K, reserved 1048576K
Event: 7.423 GC heap after
Heap after GC invocations=12 (full 1):
 PSYoungGen      total 144384K, used 1447K [0x00000000eb580000, 0x00000000f7e80000, 0x0000000100000000)
  eden space 134656K, 0% used [0x00000000eb580000,0x00000000eb580000,0x00000000f3900000)
  from space 9728K, 14% used [0x00000000f3900000,0x00000000f3a69f78,0x00000000f4280000)
  to   space 10240K, 0% used [0x00000000f7480000,0x00000000f7480000,0x00000000f7e80000)
 ParOldGen       total 31232K, used 16456K [0x00000000c2000000, 0x00000000c3e80000, 0x00000000eb580000)
  object space 31232K, 52% used [0x00000000c2000000,0x00000000c3012120,0x00000000c3e80000)
 Metaspace       used 33181K, capacity 35334K, committed 35496K, reserved 1079296K
  class space    used 4456K, capacity 4869K, committed 4992K, reserved 1048576K
}
Event: 7.423 GC heap before
{Heap before GC invocations=13 (full 2):
 PSYoungGen      total 144384K, used 1447K [0x00000000eb580000, 0x00000000f7e80000, 0x0000000100000000)
  eden space 134656K, 0% used [0x00000000eb580000,0x00000000eb580000,0x00000000f3900000)
  from space 9728K, 14% used [0x00000000f3900000,0x00000000f3a69f78,0x00000000f4280000)
  to   space 10240K, 0% used [0x00000000f7480000,0x00000000f7480000,0x00000000f7e80000)
 ParOldGen       total 31232K, used 16456K [0x00000000c2000000, 0x00000000c3e80000, 0x00000000eb580000)
  object space 31232K, 52% used [0x00000000c2000000,0x00000000c3012120,0x00000000c3e80000)
 Metaspace       used 33181K, capacity 35334K, committed 35496K, reserved 1079296K
  class space    used 4456K, capacity 4869K, committed 4992K, reserved 1048576K
Event: 7.530 GC heap after
Heap after GC invocations=13 (full 2):
 PSYoungGen      total 144384K, used 0K [0x00000000eb580000, 0x00000000f7e80000, 0x0000000100000000)
  eden space 134656K, 0% used [0x00000000eb580000,0x00000000eb580000,0x00000000f3900000)
  from space 9728K, 0% used [0x00000000f3900000,0x00000000f3900000,0x00000000f4280000)
  to   space 10240K, 0% used [0x00000000f7480000,0x00000000f7480000,0x00000000f7e80000)
 ParOldGen       total 51200K, used 12901K [0x00000000c2000000, 0x00000000c5200000, 0x00000000eb580000)
  object space 51200K, 25% used [0x00000000c2000000,0x00000000c2c994d0,0x00000000c5200000)
 Metaspace       used 33181K, capacity 35334K, committed 35496K, reserved 1079296K
  class space    used 4456K, capacity 4869K, committed 4992K, reserved 1048576K
}

