# JRE version: Java(TM) SE Runtime Environment 18.9 (11.0.9+7) (build 11.0.9+7-LTS)
# Java VM: Java HotSpot(TM) 64-Bit Server VM 18.9 (11.0.9+7-LTS, mixed mode, tiered, compressed oops, g1 gc, windows-amd64)
Heap:
 garbage-first heap   total 92160K, used 36672K [0x00000000c2000000, 0x0000000100000000)
  region size 1024K, 2 young (2048K), 1 survivors (1024K)
 Metaspace       used 79474K, capacity 81389K, committed 82000K, reserved 1120256K
  class space    used 9605K, capacity 10355K, committed 10620K, reserved 1048576K
GC Heap History (10 events):
Event: 1467.156 GC heap before
{Heap before GC invocations=72 (full 2):
 garbage-first heap   total 92160K, used 73340K [0x00000000c2000000, 0x0000000100000000)
  region size 1024K, 35 young (35840K), 2 survivors (2048K)
 Metaspace       used 79474K, capacity 81389K, committed 82000K, reserved 1120256K
  class space    used 9605K, capacity 10355K, committed 10620K, reserved 1048576K
}
Event: 1467.238 GC heap after
{Heap after GC invocations=73 (full 2):
 garbage-first heap   total 92160K, used 39589K [0x00000000c2000000, 0x0000000100000000)
  region size 1024K, 2 young (2048K), 2 survivors (2048K)
 Metaspace       used 79474K, capacity 81389K, committed 82000K, reserved 1120256K
  class space    used 9605K, capacity 10355K, committed 10620K, reserved 1048576K
}
Event: 1483.181 GC heap before
{Heap before GC invocations=73 (full 2):
 garbage-first heap   total 92160K, used 41637K [0x00000000c2000000, 0x0000000100000000)
  region size 1024K, 4 young (4096K), 2 survivors (2048K)
 Metaspace       used 79474K, capacity 81389K, committed 82000K, reserved 1120256K
  class space    used 9605K, capacity 10355K, committed 10620K, reserved 1048576K
}
Event: 1486.010 GC heap after
{Heap after GC invocations=74 (full 2):
 garbage-first heap   total 92160K, used 36832K [0x00000000c2000000, 0x0000000100000000)
  region size 1024K, 1 young (1024K), 1 survivors (1024K)
 Metaspace       used 79474K, capacity 81389K, committed 82000K, reserved 1120256K
  class space    used 9605K, capacity 10355K, committed 10620K, reserved 1048576K
}
Event: 1507.949 GC heap before
{Heap before GC invocations=74 (full 2):
 garbage-first heap   total 92160K, used 39904K [0x00000000c2000000, 0x0000000100000000)
  region size 1024K, 4 young (4096K), 1 survivors (1024K)
 Metaspace       used 79474K, capacity 81389K, committed 82000K, reserved 1120256K
  class space    used 9605K, capacity 10355K, committed 10620K, reserved 1048576K
}
Event: 1507.952 GC heap after
{Heap after GC invocations=75 (full 2):
 garbage-first heap   total 92160K, used 36673K [0x00000000c2000000, 0x0000000100000000)
  region size 1024K, 1 young (1024K), 1 survivors (1024K)
 Metaspace       used 79474K, capacity 81389K, committed 82000K, reserved 1120256K
  class space    used 9605K, capacity 10355K, committed 10620K, reserved 1048576K
}
Event: 1529.789 GC heap before
{Heap before GC invocations=75 (full 2):
 garbage-first heap   total 92160K, used 39745K [0x00000000c2000000, 0x0000000100000000)
  region size 1024K, 4 young (4096K), 1 survivors (1024K)
 Metaspace       used 79474K, capacity 81389K, committed 82000K, reserved 1120256K
  class space    used 9605K, capacity 10355K, committed 10620K, reserved 1048576K
}
Event: 1529.790 GC heap after
{Heap after GC invocations=76 (full 2):
 garbage-first heap   total 92160K, used 36668K [0x00000000c2000000, 0x0000000100000000)
  region size 1024K, 1 young (1024K), 1 survivors (1024K)
 Metaspace       used 79474K, capacity 81389K, committed 82000K, reserved 1120256K
  class space    used 9605K, capacity 10355K, committed 10620K, reserved 1048576K
}
Event: 1559.315 GC heap before
{Heap before GC invocations=76 (full 2):
 garbage-first heap   total 92160K, used 40764K [0x00000000c2000000, 0x0000000100000000)
  region size 1024K, 5 young (5120K), 1 survivors (1024K)
 Metaspace       used 79474K, capacity 81389K, committed 82000K, reserved 1120256K
  class space    used 9605K, capacity 10355K, committed 10620K, reserved 1048576K
}
Event: 1559.318 GC heap after
{Heap after GC invocations=77 (full 2):
 garbage-first heap   total 92160K, used 36672K [0x00000000c2000000, 0x0000000100000000)
  region size 1024K, 1 young (1024K), 1 survivors (1024K)
 Metaspace       used 79474K, capacity 81389K, committed 82000K, reserved 1120256K
  class space    used 9605K, capacity 10355K, committed 10620K, reserved 1048576K
}

